c:\users\jacob\source\repos\chip-8-emulator\x64\debug\sfml-graphics-d-2.dll
c:\users\jacob\source\repos\chip-8-emulator\x64\debug\sfml-window-d-2.dll
c:\users\jacob\source\repos\chip-8-emulator\x64\debug\sfml-system-d-2.dll
c:\users\jacob\source\repos\chip-8-emulator\x64\debug\freetyped.dll
c:\users\jacob\source\repos\chip-8-emulator\x64\debug\zlibd1.dll
c:\users\jacob\source\repos\chip-8-emulator\x64\debug\bz2d.dll
c:\users\jacob\source\repos\chip-8-emulator\x64\debug\libpng16d.dll
c:\users\jacob\source\repos\chip-8-emulator\x64\debug\brotlidec.dll
c:\users\jacob\source\repos\chip-8-emulator\x64\debug\brotlicommon.dll
c:\users\jacob\source\repos\chip-8-emulator\x64\debug\vc143.pdb
c:\users\jacob\source\repos\chip-8-emulator\x64\debug\vc143.idb
c:\users\jacob\source\repos\chip-8-emulator\x64\debug\opcode.obj
c:\users\jacob\source\repos\chip-8-emulator\x64\debug\chip8.obj
c:\users\jacob\source\repos\chip-8-emulator\x64\debug\chip 8 emulator.exe
c:\users\jacob\source\repos\chip-8-emulator\x64\debug\chip 8 emulator.ilk
c:\users\jacob\source\repos\chip-8-emulator\x64\debug\chip 8 emulator.pdb
c:\users\jacob\source\repos\chip-8-emulator\x64\debug\chip 8 emulator.tlog\chip 8 emulator.write.1u.tlog
c:\users\jacob\source\repos\chip-8-emulator\x64\debug\chip 8 emulator.tlog\cl.command.1.tlog
c:\users\jacob\source\repos\chip-8-emulator\x64\debug\chip 8 emulator.tlog\cl.items.tlog
c:\users\jacob\source\repos\chip-8-emulator\x64\debug\chip 8 emulator.tlog\cl.read.1.tlog
c:\users\jacob\source\repos\chip-8-emulator\x64\debug\chip 8 emulator.tlog\cl.write.1.tlog
c:\users\jacob\source\repos\chip-8-emulator\x64\debug\chip 8 emulator.tlog\link.command.1.tlog
c:\users\jacob\source\repos\chip-8-emulator\x64\debug\chip 8 emulator.tlog\link.read.1.tlog
c:\users\jacob\source\repos\chip-8-emulator\x64\debug\chip 8 emulator.tlog\link.write.1.tlog
